#
# A fatal error has been detected by the Java Runtime Environment:
#
#  EXCEPTION_IN_PAGE_ERROR (0xc0000006) at pc=0x00007ffab0441328, pid=3492, tid=4376
#
# JRE version: OpenJDK Runtime Environment (11.0.13) (build 11.0.13+0-b1751.21-8125866)
# Java VM: OpenJDK 64-Bit Server VM (11.0.13+0-b1751.21-8125866, mixed mode, tiered, compressed oops, g1 gc, windows-amd64)
# Problematic frame:
# C  [jimage.dll+0x1328]
#
# No core dump will be written. Minidumps are not enabled by default on client versions of Windows
#
# If you would like to submit a bug report, please visit:
#   https://bugreport.java.com/bugreport/crash.jsp
#

---------------  S U M M A R Y ------------

Command Line: --add-opens=java.base/java.util=ALL-UNNAMED --add-opens=java.base/java.lang=ALL-UNNAMED --add-opens=java.base/java.lang.invoke=ALL-UNNAMED --add-opens=java.base/java.util=ALL-UNNAMED --add-opens=java.prefs/java.util.prefs=ALL-UNNAMED --add-opens=java.prefs/java.util.prefs=ALL-UNNAMED --add-opens=java.base/java.nio.charset=ALL-UNNAMED --add-opens=java.base/java.net=ALL-UNNAMED --add-opens=java.base/java.util.concurrent.atomic=ALL-UNNAMED -Xmx2048m -Dfile.encoding=UTF-8 -Duser.country=IN -Duser.language=en -Duser.variant org.gradle.launcher.daemon.bootstrap.GradleDaemon 7.4

Host: Intel(R) Core(TM) i5-8250U CPU @ 1.60GHz, 8 cores, 7G,  Windows 10 , 64 bit Build 19041 (10.0.19041.2251)
Time: Tue Nov 22 23:27:15 2022 India Standard Time elapsed time: 30.038407 seconds (0d 0h 0m 30s)

---------------  T H R E A D  ---------------

Current thread (0x00000274aa9a8000):  JavaThread "Daemon worker" [_thread_in_vm, id=4376, stack(0x000000ac5ab00000,0x000000ac5ac00000)]

Stack: [0x000000ac5ab00000,0x000000ac5ac00000],  sp=0x000000ac5abfd4a0,  free space=1013k
Native frames: (J=compiled Java code, j=interpreted, Vv=VM code, C=native code)
C  [jimage.dll+0x1328]

Java frames: (J=compiled Java code, j=interpreted, Vv=VM code)
J 827  java.lang.ClassLoader.findBootstrapClass(Ljava/lang/String;)Ljava/lang/Class; java.base@11.0.13 (0 bytes) @ 0x000002749923008f [0x0000027499230040+0x000000000000004f]
J 606 c1 jdk.internal.loader.ClassLoaders$BootClassLoader.loadClassOrNull(Ljava/lang/String;)Ljava/lang/Class; java.base@11.0.13 (11 bytes) @ 0x0000027491daaee4 [0x0000027491daace0+0x0000000000000204]
J 580 c1 jdk.internal.loader.BuiltinClassLoader.loadClassOrNull(Ljava/lang/String;Z)Ljava/lang/Class; java.base@11.0.13 (143 bytes) @ 0x0000027491d9fc04 [0x0000027491d9ef00+0x0000000000000d04]
J 609 c1 jdk.internal.loader.BuiltinClassLoader.loadClass(Ljava/lang/String;Z)Ljava/lang/Class; java.base@11.0.13 (22 bytes) @ 0x0000027491dabd54 [0x0000027491dabc60+0x00000000000000f4]
J 628 c1 java.lang.ClassLoader.loadClass(Ljava/lang/String;Z)Ljava/lang/Class; java.base@11.0.13 (122 bytes) @ 0x0000027491db4cc4 [0x0000027491db46e0+0x00000000000005e4]
J 628 c1 java.lang.ClassLoader.loadClass(Ljava/lang/String;Z)Ljava/lang/Class; java.base@11.0.13 (122 bytes) @ 0x0000027491db4cc4 [0x0000027491db46e0+0x00000000000005e4]
J 608 c1 java.lang.ClassLoader.loadClass(Ljava/lang/String;)Ljava/lang/Class; java.base@11.0.13 (7 bytes) @ 0x0000027491dab93c [0x0000027491dab840+0x00000000000000fc]
v  ~StubRoutines::call_stub
j  org.gradle.launcher.daemon.server.exec.ForwardClientInput.execute(Lorg/gradle/launcher/daemon/server/api/DaemonCommandExecution;)V+0
j  org.gradle.launcher.daemon.server.api.DaemonCommandExecution.proceed()Z+23
j  org.gradle.launcher.daemon.server.exec.LogAndCheckHealth.execute(Lorg/gradle/launcher/daemon/server/api/DaemonCommandExecution;)V+28
j  org.gradle.launcher.daemon.server.api.DaemonCommandExecution.proceed()Z+23
j  org.gradle.launcher.daemon.server.exec.LogToClient.doBuild(Lorg/gradle/launcher/daemon/server/api/DaemonCommandExecution;Lorg/gradle/launcher/daemon/protocol/Build;)V+87
j  org.gradle.launcher.daemon.server.exec.BuildCommandOnly.execute(Lorg/gradle/launcher/daemon/server/api/DaemonCommandExecution;)V+49
j  org.gradle.launcher.daemon.server.api.DaemonCommandExecution.proceed()Z+23
j  org.gradle.launcher.daemon.server.exec.EstablishBuildEnvironment.doBuild(Lorg/gradle/launcher/daemon/server/api/DaemonCommandExecution;Lorg/gradle/launcher/daemon/protocol/Build;)V+356
j  org.gradle.launcher.daemon.server.exec.BuildCommandOnly.execute(Lorg/gradle/launcher/daemon/server/api/DaemonCommandExecution;)V+49
j  org.gradle.launcher.daemon.server.api.DaemonCommandExecution.proceed()Z+23
j  org.gradle.launcher.daemon.server.exec.StartBuildOrRespondWithBusy$1.run()V+44
j  org.gradle.launcher.daemon.server.DaemonStateCoordinator$1.run()V+4
j  org.gradle.internal.concurrent.ExecutorPolicy$CatchAndRecordFailures.onExecute(Ljava/lang/Runnable;)V+1
j  org.gradle.internal.concurrent.ManagedExecutorImpl$1.run()V+25
j  java.util.concurrent.ThreadPoolExecutor.runWorker(Ljava/util/concurrent/ThreadPoolExecutor$Worker;)V+92 java.base@11.0.13
j  java.util.concurrent.ThreadPoolExecutor$Worker.run()V+5 java.base@11.0.13
j  java.lang.Thread.run()V+11 java.base@11.0.13
v  ~StubRoutines::call_stub

siginfo: EXCEPTION_IN_PAGE_ERROR (0xc0000006), reading address 0x0000027490aa4176


Register to memory mapping:

RIP=0x00007ffab0441328 jimage.dll
RAX=0x00009875c1558e91 is an unknown value
RBX=0x0000027490aa4174 points into unknown readable memory: fa fa fe ca
RCX=0x0000027490aa4174 points into unknown readable memory: fa fa fe ca
RDX=0x00000274a8eea7b0 points into unknown readable memory: 0x0000000000000000 | 00 00 00 00 00 00 00 00
RSP=0x000000ac5abfd4a0 is pointing into the stack for thread: 0x00000274aa9a8000
RBP=0x000000ac5abfd570 is pointing into the stack for thread: 0x00000274aa9a8000
RSI=0x0000027490aa4174 points into unknown readable memory: fa fa fe ca
RDI=0x0000027490aa4174 points into unknown readable memory: fa fa fe ca
R8 =0x00000000000006f9 is an unknown value
R9 =0x000000ac5abfd570 is pointing into the stack for thread: 0x00000274aa9a8000
R10=0x000002748dd972fc points into unknown readable memory: 00 08 55 12
R11=0x0 is NULL
R12=0x00000000000006f9 is an unknown value
R13=0x000002748dbf8c80 points into unknown readable memory: 0x00007ffa7394d6c8 | c8 d6 94 73 fa 7f 00 00
R14=0x00000274a8eea7b0 points into unknown readable memory: 0x0000000000000000 | 00 00 00 00 00 00 00 00
R15=0x00000274a8eea7b0 points into unknown readable memory: 0x0000000000000000 | 00 00 00 00 00 00 00 00


Registers:
RAX=0x00009875c1558e91, RBX=0x0000027490aa4174, RCX=0x0000027490aa4174, RDX=0x00000274a8eea7b0
RSP=0x000000ac5abfd4a0, RBP=0x000000ac5abfd570, RSI=0x0000027490aa4174, RDI=0x0000027490aa4174
R8 =0x00000000000006f9, R9 =0x000000ac5abfd570, R10=0x000002748dd972fc, R11=0x0000000000000000
R12=0x00000000000006f9, R13=0x000002748dbf8c80, R14=0x00000274a8eea7b0, R15=0x00000274a8eea7b0
RIP=0x00007ffab0441328, EFLAGS=0x0000000000010202

Top of Stack: (sp=0x000000ac5abfd4a0)
0x000000ac5abfd4a0:   0000000000000001 00007ffaab7edac0
0x000000ac5abfd4b0:   00000274aa9a8000 0000000000000002
0x000000ac5abfd4c0:   0000000000000001 00007ffab44f306e
0x000000ac5abfd4d0:   000002748bb40901 00000274aa9a8000
0x000000ac5abfd4e0:   0000000000000006 000000ac5abfd4c8
0x000000ac5abfd4f0:   0000000000000000 00009875c1558e91
0x000000ac5abfd500:   00000000000006f9 00000274a8eea7b0
0x000000ac5abfd510:   00000274a8b65760 000002748dbd97a0
0x000000ac5abfd520:   0000000002c1e8a2 0000000000000418
0x000000ac5abfd530:   0000027490aa4174 00007ffab0441ea7
0x000000ac5abfd540:   0000000000000000 0000000000000000
0x000000ac5abfd550:   00000274a8b65700 0000000000001118
0x000000ac5abfd560:   00007ffab0446000 00007ffab452fd7d
0x000000ac5abfd570:   000002748ddccc0f 00000000000b8cc3
0x000000ac5abfd580:   0000000000086821 00000274a8b65700
0x000000ac5abfd590:   000002748dbd97a0 00007ffab0441f3e 

Instructions: (pc=0x00007ffab0441328)
0x00007ffab0441228:   41 0b c1 48 0b d1 c1 e0 08 48 c1 e2 08 48 0b d0
0x00007ffab0441238:   49 8b c2 49 23 c0 49 c1 ea 10 49 0b c2 48 c1 e8
0x00007ffab0441248:   08 48 0b d0 49 89 13 c3 0f b7 c2 88 51 01 66 c1
0x00007ffab0441258:   e8 08 88 01 c3 cc cc cc 48 89 5c 24 08 4c 8b 09
0x00007ffab0441268:   4c 8b d9 41 b8 04 00 00 00 41 8a 01 84 c0 79 4e
0x00007ffab0441278:   44 0f be c0 24 1f 41 c1 f8 05 41 83 e0 03 0f b6
0x00007ffab0441288:   d0 41 83 f8 01 74 58 42 8d 0c c5 f8 ff ff ff 49
0x00007ffab0441298:   63 d8 d3 e2 48 83 fb 01 76 45 41 ba 01 00 00 00
0x00007ffab04412a8:   42 8d 0c c5 f0 ff ff ff 43 0f b6 04 11 49 ff c2
0x00007ffab04412b8:   d3 e0 83 e9 08 0b d0 4c 3b d3 7c ec eb 21 41 0f
0x00007ffab04412c8:   b6 49 02 0f b6 d0 41 0f b6 41 01 c1 e2 08 0b d0
0x00007ffab04412d8:   c1 e2 08 0b d1 41 0f b6 49 03 c1 e2 08 0b d1 48
0x00007ffab04412e8:   8b 5c 24 08 8b c2 41 8b c8 49 03 c9 49 89 0b c3
0x00007ffab04412f8:   40 53 55 56 57 41 54 41 56 41 57 48 83 ec 60 48
0x00007ffab0441308:   8b 05 22 4d 00 00 48 33 c4 48 89 44 24 58 49 8b
0x00007ffab0441318:   e9 4d 8b e0 4c 8b fa 48 8b f1 48 8b d9 48 8b f9
0x00007ffab0441328:   0f b6 47 02 44 0f b6 47 03 41 c1 e0 08 44 0b c0
0x00007ffab0441338:   0f b6 47 01 41 c1 e0 08 44 0b c0 0f b6 07 41 c1
0x00007ffab0441348:   e0 08 44 0b c0 44 89 44 24 30 0f b6 47 0a 0f b6
0x00007ffab0441358:   57 0b 0f b6 4f 07 48 c1 e2 08 48 0b d0 c1 e1 08
0x00007ffab0441368:   0f b6 47 09 48 c1 e2 08 48 0b d0 0f b6 47 08 48
0x00007ffab0441378:   c1 e2 08 48 0b d0 0f b6 47 06 0b c8 48 c1 e2 20
0x00007ffab0441388:   0f b6 47 05 c1 e1 08 0b c1 c1 e0 08 48 98 48 0b
0x00007ffab0441398:   d0 0f b6 47 04 48 0b d0 48 89 54 24 38 0f b6 47
0x00007ffab04413a8:   12 44 0f b6 4f 13 0f b6 4f 0f c1 e1 08 49 c1 e1
0x00007ffab04413b8:   08 4c 0b c8 0f b6 47 11 49 c1 e1 08 4c 0b c8 0f
0x00007ffab04413c8:   b6 47 10 49 c1 e1 08 4c 0b c8 0f b6 47 0e 0b c8
0x00007ffab04413d8:   49 c1 e1 20 0f b6 47 0d c1 e1 08 0b c1 c1 e0 08
0x00007ffab04413e8:   48 98 4c 0b c8 0f b6 47 0c 4c 0b c8 4c 89 4c 24
0x00007ffab04413f8:   40 0f b6 47 16 0f b6 4f 17 c1 e1 08 0b c8 0f b6
0x00007ffab0441408:   47 15 c1 e1 08 0b c8 0f b6 47 14 c1 e1 08 0b c8
0x00007ffab0441418:   89 4c 24 48 0f b6 47 1a 0f b6 57 1b c1 e2 08 0b 


Stack slot to memory mapping:
stack at sp + 0 slots: 0x0000000000000001 is an unknown value
stack at sp + 1 slots: 0x00007ffaab7edac0 is an unknown value
stack at sp + 2 slots: 0x00000274aa9a8000 is a thread
stack at sp + 3 slots: 0x0000000000000002 is an unknown value
stack at sp + 4 slots: 0x0000000000000001 is an unknown value
stack at sp + 5 slots: 0x00007ffab44f306e KERNELBASE.dll
stack at sp + 6 slots: 0x000002748bb40901 points into unknown readable memory: 00 00 9a 00 9c 00 9e
stack at sp + 7 slots: 0x00000274aa9a8000 is a thread


---------------  P R O C E S S  ---------------

Threads class SMR info:
_java_thread_list=0x00000274aa564630, length=18, elements={
0x000002748dbee000, 0x00000274a8084800, 0x00000274a8088000, 0x00000274a8a06800,
0x00000274a8a07800, 0x00000274a8a0a800, 0x00000274a8a10000, 0x00000274a809f800,
0x00000274a80a3800, 0x00000274a8b60000, 0x00000274ab1a9000, 0x00000274a9a63800,
0x00000274a8ac4800, 0x00000274ab73c800, 0x00000274aa97b000, 0x00000274a8b94000,
0x00000274aa9a8000, 0x00000274a8f12800
}

Java Threads: ( => current thread )
  0x000002748dbee000 JavaThread "main" [_thread_blocked, id=11452, stack(0x000000ac59200000,0x000000ac59300000)]
  0x00000274a8084800 JavaThread "Reference Handler" daemon [_thread_blocked, id=268, stack(0x000000ac59900000,0x000000ac59a00000)]
  0x00000274a8088000 JavaThread "Finalizer" daemon [_thread_blocked, id=2692, stack(0x000000ac59a00000,0x000000ac59b00000)]
  0x00000274a8a06800 JavaThread "Signal Dispatcher" daemon [_thread_blocked, id=12108, stack(0x000000ac59b00000,0x000000ac59c00000)]
  0x00000274a8a07800 JavaThread "Attach Listener" daemon [_thread_blocked, id=9272, stack(0x000000ac59c00000,0x000000ac59d00000)]
  0x00000274a8a0a800 JavaThread "Service Thread" daemon [_thread_blocked, id=11412, stack(0x000000ac59d00000,0x000000ac59e00000)]
  0x00000274a8a10000 JavaThread "C2 CompilerThread0" daemon [_thread_blocked, id=9964, stack(0x000000ac59e00000,0x000000ac59f00000)]
  0x00000274a809f800 JavaThread "C1 CompilerThread0" daemon [_thread_blocked, id=10972, stack(0x000000ac59f00000,0x000000ac5a000000)]
  0x00000274a80a3800 JavaThread "Sweeper thread" daemon [_thread_blocked, id=5588, stack(0x000000ac5a000000,0x000000ac5a100000)]
  0x00000274a8b60000 JavaThread "Common-Cleaner" daemon [_thread_blocked, id=9312, stack(0x000000ac5a100000,0x000000ac5a200000)]
  0x00000274ab1a9000 JavaThread "Daemon health stats" [_thread_blocked, id=10492, stack(0x000000ac5a700000,0x000000ac5a800000)]
  0x00000274a9a63800 JavaThread "Incoming local TCP Connector on port 52461" [_thread_in_native, id=5876, stack(0x000000ac5a300000,0x000000ac5a400000)]
  0x00000274a8ac4800 JavaThread "Daemon periodic checks" [_thread_blocked, id=8736, stack(0x000000ac5a600000,0x000000ac5a700000)]
  0x00000274ab73c800 JavaThread "Daemon" [_thread_blocked, id=12448, stack(0x000000ac5a800000,0x000000ac5a900000)]
  0x00000274aa97b000 JavaThread "Handler for socket connection from /127.0.0.1:52461 to /127.0.0.1:52462" [_thread_in_native, id=8224, stack(0x000000ac5a900000,0x000000ac5aa00000)]
  0x00000274a8b94000 JavaThread "Cancel handler" [_thread_blocked, id=3344, stack(0x000000ac5aa00000,0x000000ac5ab00000)]
=>0x00000274aa9a8000 JavaThread "Daemon worker" [_thread_in_vm, id=4376, stack(0x000000ac5ab00000,0x000000ac5ac00000)]
  0x00000274a8f12800 JavaThread "Asynchronous log dispatcher for DefaultDaemonConnection: socket connection from /127.0.0.1:52461 to /127.0.0.1:52462" [_thread_blocked, id=10860, stack(0x000000ac5ac00000,0x000000ac5ad00000)]

Other Threads:
  0x00000274a8080000 VMThread "VM Thread" [stack: 0x000000ac59800000,0x000000ac59900000] [id=9940]
  0x00000274a8bb3800 WatcherThread [stack: 0x000000ac5a200000,0x000000ac5a300000] [id=4024]
  0x000002748dc06000 GCTaskThread "GC Thread#0" [stack: 0x000000ac59300000,0x000000ac59400000] [id=2536]
  0x00000274a9f2f800 GCTaskThread "GC Thread#1" [stack: 0x000000ac5a400000,0x000000ac5a500000] [id=2924]
  0x00000274a8ea8800 GCTaskThread "GC Thread#2" [stack: 0x000000ac5a500000,0x000000ac5a600000] [id=1632]
  0x000002748dc36800 ConcurrentGCThread "G1 Main Marker" [stack: 0x000000ac59400000,0x000000ac59500000] [id=2120]
  0x000002748dc38000 ConcurrentGCThread "G1 Conc#0" [stack: 0x000000ac59500000,0x000000ac59600000] [id=1104]
  0x00000274a7ed0800 ConcurrentGCThread "G1 Refine#0" [stack: 0x000000ac59600000,0x000000ac59700000] [id=7172]
  0x00000274a7ed1800 ConcurrentGCThread "G1 Young RemSet Sampling" [stack: 0x000000ac59700000,0x000000ac59800000] [id=7568]

Threads with active compile tasks:

VM state:synchronizing (normal execution)

VM Mutex/Monitor currently owned by a thread:  ([mutex/lock_event])
[0x000002748dbe9fd0] Threads_lock - owner thread: 0x00000274a8080000

Heap address: 0x0000000080000000, size: 2048 MB, Compressed Oops mode: 32-bit
Narrow klass base: 0x0000000000000000, Narrow klass shift: 3
Compressed class space size: 1073741824 Address: 0x0000000100000000

Heap:
 garbage-first heap   total 131072K, used 56982K [0x0000000080000000, 0x0000000100000000)
  region size 1024K, 48 young (49152K), 1 survivors (1024K)
 Metaspace       used 16934K, capacity 17301K, committed 17536K, reserved 1064960K
  class space    used 1929K, capacity 2069K, committed 2176K, reserved 1048576K
Heap Regions: E=young(eden), S=young(survivor), O=old, HS=humongous(starts), HC=humongous(continues), CS=collection set, F=free, A=archive, TAMS=top-at-mark-start (previous, next)
|   0|0x0000000080000000, 0x0000000080100000, 0x0000000080100000|100%| O|  |TAMS 0x0000000080000000, 0x0000000080000000| Untracked 
|   1|0x0000000080100000, 0x0000000080200000, 0x0000000080200000|100%| O|  |TAMS 0x0000000080100000, 0x0000000080100000| Untracked 
|   2|0x0000000080200000, 0x0000000080214400, 0x0000000080300000|  7%| O|  |TAMS 0x0000000080200000, 0x0000000080200000| Untracked 
|   3|0x0000000080300000, 0x0000000080400000, 0x0000000080400000|100%|HS|  |TAMS 0x0000000080300000, 0x0000000080300000| Complete 
|   4|0x0000000080400000, 0x0000000080500000, 0x0000000080500000|100%|HC|  |TAMS 0x0000000080400000, 0x0000000080400000| Complete 
|   5|0x0000000080500000, 0x0000000080600000, 0x0000000080600000|100%|HC|  |TAMS 0x0000000080500000, 0x0000000080500000| Complete 
|   6|0x0000000080600000, 0x0000000080700000, 0x0000000080700000|100%| O|  |TAMS 0x0000000080600000, 0x0000000080600000| Untracked 
|   7|0x0000000080700000, 0x0000000080800000, 0x0000000080800000|100%| O|  |TAMS 0x0000000080700000, 0x0000000080700000| Untracked 
|   8|0x0000000080800000, 0x0000000080900000, 0x0000000080900000|100%| O|  |TAMS 0x0000000080800000, 0x0000000080800000| Untracked 
|   9|0x0000000080900000, 0x0000000080a00000, 0x0000000080a00000|100%| O|  |TAMS 0x0000000080900000, 0x0000000080900000| Untracked 
|  10|0x0000000080a00000, 0x0000000080b00000, 0x0000000080b00000|100%|HS|  |TAMS 0x0000000080a00000, 0x0000000080a00000| Complete 
|  11|0x0000000080b00000, 0x0000000080b00000, 0x0000000080c00000|  0%| F|  |TAMS 0x0000000080b00000, 0x0000000080b00000| Untracked 
|  12|0x0000000080c00000, 0x0000000080c00000, 0x0000000080d00000|  0%| F|  |TAMS 0x0000000080c00000, 0x0000000080c00000| Untracked 
|  13|0x0000000080d00000, 0x0000000080d00000, 0x0000000080e00000|  0%| F|  |TAMS 0x0000000080d00000, 0x0000000080d00000| Untracked 
|  14|0x0000000080e00000, 0x0000000080e00000, 0x0000000080f00000|  0%| F|  |TAMS 0x0000000080e00000, 0x0000000080e00000| Untracked 
|  15|0x0000000080f00000, 0x0000000080f00000, 0x0000000081000000|  0%| F|  |TAMS 0x0000000080f00000, 0x0000000080f00000| Untracked 
|  16|0x0000000081000000, 0x0000000081000000, 0x0000000081100000|  0%| F|  |TAMS 0x0000000081000000, 0x0000000081000000| Untracked 
|  17|0x0000000081100000, 0x0000000081100000, 0x0000000081200000|  0%| F|  |TAMS 0x0000000081100000, 0x0000000081100000| Untracked 
|  18|0x0000000081200000, 0x0000000081200000, 0x0000000081300000|  0%| F|  |TAMS 0x0000000081200000, 0x0000000081200000| Untracked 
|  19|0x0000000081300000, 0x0000000081300000, 0x0000000081400000|  0%| F|  |TAMS 0x0000000081300000, 0x0000000081300000| Untracked 
|  20|0x0000000081400000, 0x0000000081400000, 0x0000000081500000|  0%| F|  |TAMS 0x0000000081400000, 0x0000000081400000| Untracked 
|  21|0x0000000081500000, 0x0000000081500000, 0x0000000081600000|  0%| F|  |TAMS 0x0000000081500000, 0x0000000081500000| Untracked 
|  22|0x0000000081600000, 0x0000000081600000, 0x0000000081700000|  0%| F|  |TAMS 0x0000000081600000, 0x0000000081600000| Untracked 
|  23|0x0000000081700000, 0x0000000081700000, 0x0000000081800000|  0%| F|  |TAMS 0x0000000081700000, 0x0000000081700000| Untracked 
|  24|0x0000000081800000, 0x0000000081800000, 0x0000000081900000|  0%| F|  |TAMS 0x0000000081800000, 0x0000000081800000| Untracked 
|  25|0x0000000081900000, 0x0000000081900000, 0x0000000081a00000|  0%| F|  |TAMS 0x0000000081900000, 0x0000000081900000| Untracked 
|  26|0x0000000081a00000, 0x0000000081a00000, 0x0000000081b00000|  0%| F|  |TAMS 0x0000000081a00000, 0x0000000081a00000| Untracked 
|  27|0x0000000081b00000, 0x0000000081b00000, 0x0000000081c00000|  0%| F|  |TAMS 0x0000000081b00000, 0x0000000081b00000| Untracked 
|  28|0x0000000081c00000, 0x0000000081c00000, 0x0000000081d00000|  0%| F|  |TAMS 0x0000000081c00000, 0x0000000081c00000| Untracked 
|  29|0x0000000081d00000, 0x0000000081d00000, 0x0000000081e00000|  0%| F|  |TAMS 0x0000000081d00000, 0x0000000081d00000| Untracked 
|  30|0x0000000081e00000, 0x0000000081e00000, 0x0000000081f00000|  0%| F|  |TAMS 0x0000000081e00000, 0x0000000081e00000| Untracked 
|  31|0x0000000081f00000, 0x0000000081f00000, 0x0000000082000000|  0%| F|  |TAMS 0x0000000081f00000, 0x0000000081f00000| Untracked 
|  32|0x0000000082000000, 0x0000000082000000, 0x0000000082100000|  0%| F|  |TAMS 0x0000000082000000, 0x0000000082000000| Untracked 
|  33|0x0000000082100000, 0x0000000082100000, 0x0000000082200000|  0%| F|  |TAMS 0x0000000082100000, 0x0000000082100000| Untracked 
|  34|0x0000000082200000, 0x0000000082200000, 0x0000000082300000|  0%| F|  |TAMS 0x0000000082200000, 0x0000000082200000| Untracked 
|  35|0x0000000082300000, 0x0000000082300000, 0x0000000082400000|  0%| F|  |TAMS 0x0000000082300000, 0x0000000082300000| Untracked 
|  36|0x0000000082400000, 0x0000000082400000, 0x0000000082500000|  0%| F|  |TAMS 0x0000000082400000, 0x0000000082400000| Untracked 
|  37|0x0000000082500000, 0x0000000082500000, 0x0000000082600000|  0%| F|  |TAMS 0x0000000082500000, 0x0000000082500000| Untracked 
|  38|0x0000000082600000, 0x0000000082600000, 0x0000000082700000|  0%| F|  |TAMS 0x0000000082600000, 0x0000000082600000| Untracked 
|  39|0x0000000082700000, 0x0000000082700000, 0x0000000082800000|  0%| F|  |TAMS 0x0000000082700000, 0x0000000082700000| Untracked 
|  40|0x0000000082800000, 0x0000000082800000, 0x0000000082900000|  0%| F|  |TAMS 0x0000000082800000, 0x0000000082800000| Untracked 
|  41|0x0000000082900000, 0x0000000082900000, 0x0000000082a00000|  0%| F|  |TAMS 0x0000000082900000, 0x0000000082900000| Untracked 
|  42|0x0000000082a00000, 0x0000000082a00000, 0x0000000082b00000|  0%| F|  |TAMS 0x0000000082a00000, 0x0000000082a00000| Untracked 
|  43|0x0000000082b00000, 0x0000000082b00000, 0x0000000082c00000|  0%| F|  |TAMS 0x0000000082b00000, 0x0000000082b00000| Untracked 
|  44|0x0000000082c00000, 0x0000000082c00000, 0x0000000082d00000|  0%| F|  |TAMS 0x0000000082c00000, 0x0000000082c00000| Untracked 
|  45|0x0000000082d00000, 0x0000000082d00000, 0x0000000082e00000|  0%| F|  |TAMS 0x0000000082d00000, 0x0000000082d00000| Untracked 
|  46|0x0000000082e00000, 0x0000000082e00000, 0x0000000082f00000|  0%| F|  |TAMS 0x0000000082e00000, 0x0000000082e00000| Untracked 
|  47|0x0000000082f00000, 0x0000000082f00000, 0x0000000083000000|  0%| F|  |TAMS 0x0000000082f00000, 0x0000000082f00000| Untracked 
|  48|0x0000000083000000, 0x0000000083000000, 0x0000000083100000|  0%| F|  |TAMS 0x0000000083000000, 0x0000000083000000| Untracked 
|  49|0x0000000083100000, 0x0000000083100000, 0x0000000083200000|  0%| F|  |TAMS 0x0000000083100000, 0x0000000083100000| Untracked 
|  50|0x0000000083200000, 0x0000000083200000, 0x0000000083300000|  0%| F|  |TAMS 0x0000000083200000, 0x0000000083200000| Untracked 
|  51|0x0000000083300000, 0x0000000083300000, 0x0000000083400000|  0%| F|  |TAMS 0x0000000083300000, 0x0000000083300000| Untracked 
|  52|0x0000000083400000, 0x0000000083400000, 0x0000000083500000|  0%| F|  |TAMS 0x0000000083400000, 0x0000000083400000| Untracked 
|  53|0x0000000083500000, 0x0000000083500000, 0x0000000083600000|  0%| F|  |TAMS 0x0000000083500000, 0x0000000083500000| Untracked 
|  54|0x0000000083600000, 0x0000000083600000, 0x0000000083700000|  0%| F|  |TAMS 0x0000000083600000, 0x0000000083600000| Untracked 
|  55|0x0000000083700000, 0x0000000083700000, 0x0000000083800000|  0%| F|  |TAMS 0x0000000083700000, 0x0000000083700000| Untracked 
|  56|0x0000000083800000, 0x0000000083800000, 0x0000000083900000|  0%| F|  |TAMS 0x0000000083800000, 0x0000000083800000| Untracked 
|  57|0x0000000083900000, 0x0000000083900000, 0x0000000083a00000|  0%| F|  |TAMS 0x0000000083900000, 0x0000000083900000| Untracked 
|  58|0x0000000083a00000, 0x0000000083a00000, 0x0000000083b00000|  0%| F|  |TAMS 0x0000000083a00000, 0x0000000083a00000| Untracked 
|  59|0x0000000083b00000, 0x0000000083b00000, 0x0000000083c00000|  0%| F|  |TAMS 0x0000000083b00000, 0x0000000083b00000| Untracked 
|  60|0x0000000083c00000, 0x0000000083c00000, 0x0000000083d00000|  0%| F|  |TAMS 0x0000000083c00000, 0x0000000083c00000| Untracked 
|  61|0x0000000083d00000, 0x0000000083d00000, 0x0000000083e00000|  0%| F|  |TAMS 0x0000000083d00000, 0x0000000083d00000| Untracked 
|  62|0x0000000083e00000, 0x0000000083e00000, 0x0000000083f00000|  0%| F|  |TAMS 0x0000000083e00000, 0x0000000083e00000| Untracked 
|  63|0x0000000083f00000, 0x0000000083f00000, 0x0000000084000000|  0%| F|  |TAMS 0x0000000083f00000, 0x0000000083f00000| Untracked 
|  64|0x0000000084000000, 0x0000000084000000, 0x0000000084100000|  0%| F|  |TAMS 0x0000000084000000, 0x0000000084000000| Untracked 
|  65|0x0000000084100000, 0x0000000084100000, 0x0000000084200000|  0%| F|  |TAMS 0x0000000084100000, 0x0000000084100000| Untracked 
|  66|0x0000000084200000, 0x0000000084200000, 0x0000000084300000|  0%| F|  |TAMS 0x0000000084200000, 0x0000000084200000| Untracked 
|  67|0x0000000084300000, 0x0000000084300000, 0x0000000084400000|  0%| F|  |TAMS 0x0000000084300000, 0x0000000084300000| Untracked 
|  68|0x0000000084400000, 0x0000000084400000, 0x0000000084500000|  0%| F|  |TAMS 0x0000000084400000, 0x0000000084400000| Untracked 
|  69|0x0000000084500000, 0x0000000084500000, 0x0000000084600000|  0%| F|  |TAMS 0x0000000084500000, 0x0000000084500000| Untracked 
|  70|0x0000000084600000, 0x0000000084600000, 0x0000000084700000|  0%| F|  |TAMS 0x0000000084600000, 0x0000000084600000| Untracked 
|  71|0x0000000084700000, 0x0000000084700000, 0x0000000084800000|  0%| F|  |TAMS 0x0000000084700000, 0x0000000084700000| Untracked 
|  72|0x0000000084800000, 0x0000000084800000, 0x0000000084900000|  0%| F|  |TAMS 0x0000000084800000, 0x0000000084800000| Untracked 
|  73|0x0000000084900000, 0x0000000084900000, 0x0000000084a00000|  0%| F|  |TAMS 0x0000000084900000, 0x0000000084900000| Untracked 
|  74|0x0000000084a00000, 0x0000000084a00000, 0x0000000084b00000|  0%| F|  |TAMS 0x0000000084a00000, 0x0000000084a00000| Untracked 
|  75|0x0000000084b00000, 0x0000000084b00000, 0x0000000084c00000|  0%| F|  |TAMS 0x0000000084b00000, 0x0000000084b00000| Untracked 
|  76|0x0000000084c00000, 0x0000000084c00000, 0x0000000084d00000|  0%| F|  |TAMS 0x0000000084c00000, 0x0000000084c00000| Untracked 
|  77|0x0000000084d00000, 0x0000000084d00000, 0x0000000084e00000|  0%| F|  |TAMS 0x0000000084d00000, 0x0000000084d00000| Untracked 
|  78|0x0000000084e00000, 0x0000000084e00000, 0x0000000084f00000|  0%| F|  |TAMS 0x0000000084e00000, 0x0000000084e00000| Untracked 
|  79|0x0000000084f00000, 0x0000000084f00000, 0x0000000085000000|  0%| F|  |TAMS 0x0000000084f00000, 0x0000000084f00000| Untracked 
|  80|0x0000000085000000, 0x0000000085080800, 0x0000000085100000| 50%| E|  |TAMS 0x0000000085000000, 0x0000000085000000| Complete 
|  81|0x0000000085100000, 0x0000000085200000, 0x0000000085200000|100%| E|CS|TAMS 0x0000000085100000, 0x0000000085100000| Complete 
|  82|0x0000000085200000, 0x0000000085300000, 0x0000000085300000|100%| E|CS|TAMS 0x0000000085200000, 0x0000000085200000| Complete 
|  83|0x0000000085300000, 0x0000000085400000, 0x0000000085400000|100%| E|CS|TAMS 0x0000000085300000, 0x0000000085300000| Complete 
|  84|0x0000000085400000, 0x0000000085500000, 0x0000000085500000|100%| E|CS|TAMS 0x0000000085400000, 0x0000000085400000| Complete 
|  85|0x0000000085500000, 0x0000000085600000, 0x0000000085600000|100%| E|CS|TAMS 0x0000000085500000, 0x0000000085500000| Complete 
|  86|0x0000000085600000, 0x0000000085700000, 0x0000000085700000|100%| E|CS|TAMS 0x0000000085600000, 0x0000000085600000| Complete 
|  87|0x0000000085700000, 0x0000000085800000, 0x0000000085800000|100%| E|CS|TAMS 0x0000000085700000, 0x0000000085700000| Complete 
|  88|0x0000000085800000, 0x0000000085900000, 0x0000000085900000|100%| E|CS|TAMS 0x0000000085800000, 0x0000000085800000| Complete 
|  89|0x0000000085900000, 0x0000000085a00000, 0x0000000085a00000|100%| E|CS|TAMS 0x0000000085900000, 0x0000000085900000| Complete 
|  90|0x0000000085a00000, 0x0000000085b00000, 0x0000000085b00000|100%| E|CS|TAMS 0x0000000085a00000, 0x0000000085a00000| Complete 
|  91|0x0000000085b00000, 0x0000000085c00000, 0x0000000085c00000|100%| E|CS|TAMS 0x0000000085b00000, 0x0000000085b00000| Complete 
|  92|0x0000000085c00000, 0x0000000085d00000, 0x0000000085d00000|100%| E|CS|TAMS 0x0000000085c00000, 0x0000000085c00000| Complete 
|  93|0x0000000085d00000, 0x0000000085e00000, 0x0000000085e00000|100%| E|CS|TAMS 0x0000000085d00000, 0x0000000085d00000| Complete 
|  94|0x0000000085e00000, 0x0000000085f00000, 0x0000000085f00000|100%| E|CS|TAMS 0x0000000085e00000, 0x0000000085e00000| Complete 
|  95|0x0000000085f00000, 0x0000000086000000, 0x0000000086000000|100%| E|CS|TAMS 0x0000000085f00000, 0x0000000085f00000| Complete 
|  96|0x0000000086000000, 0x0000000086100000, 0x0000000086100000|100%| E|CS|TAMS 0x0000000086000000, 0x0000000086000000| Complete 
|  97|0x0000000086100000, 0x0000000086200000, 0x0000000086200000|100%| E|CS|TAMS 0x0000000086100000, 0x0000000086100000| Complete 
|  98|0x0000000086200000, 0x0000000086300000, 0x0000000086300000|100%| E|CS|TAMS 0x0000000086200000, 0x0000000086200000| Complete 
|  99|0x0000000086300000, 0x0000000086400000, 0x0000000086400000|100%| E|CS|TAMS 0x0000000086300000, 0x0000000086300000| Complete 
| 100|0x0000000086400000, 0x0000000086500000, 0x0000000086500000|100%| E|CS|TAMS 0x0000000086400000, 0x0000000086400000| Complete 
| 101|0x0000000086500000, 0x0000000086600000, 0x0000000086600000|100%| E|CS|TAMS 0x0000000086500000, 0x0000000086500000| Complete 
| 102|0x0000000086600000, 0x0000000086700000, 0x0000000086700000|100%| E|CS|TAMS 0x0000000086600000, 0x0000000086600000| Complete 
| 103|0x0000000086700000, 0x0000000086800000, 0x0000000086800000|100%| E|CS|TAMS 0x0000000086700000, 0x0000000086700000| Complete 
| 104|0x0000000086800000, 0x0000000086900000, 0x0000000086900000|100%| E|CS|TAMS 0x0000000086800000, 0x0000000086800000| Complete 
| 105|0x0000000086900000, 0x0000000086a00000, 0x0000000086a00000|100%| E|CS|TAMS 0x0000000086900000, 0x0000000086900000| Complete 
| 106|0x0000000086a00000, 0x0000000086a917c0, 0x0000000086b00000| 56%| S|CS|TAMS 0x0000000086a00000, 0x0000000086a00000| Complete 
| 107|0x0000000086b00000, 0x0000000086c00000, 0x0000000086c00000|100%| E|CS|TAMS 0x0000000086b00000, 0x0000000086b00000| Complete 
| 108|0x0000000086c00000, 0x0000000086d00000, 0x0000000086d00000|100%| E|CS|TAMS 0x0000000086c00000, 0x0000000086c00000| Complete 
| 109|0x0000000086d00000, 0x0000000086e00000, 0x0000000086e00000|100%| E|CS|TAMS 0x0000000086d00000, 0x0000000086d00000| Complete 
| 110|0x0000000086e00000, 0x0000000086f00000, 0x0000000086f00000|100%| E|CS|TAMS 0x0000000086e00000, 0x0000000086e00000| Complete 
| 111|0x0000000086f00000, 0x0000000087000000, 0x0000000087000000|100%| E|CS|TAMS 0x0000000086f00000, 0x0000000086f00000| Complete 
| 112|0x0000000087000000, 0x0000000087100000, 0x0000000087100000|100%| E|CS|TAMS 0x0000000087000000, 0x0000000087000000| Complete 
| 113|0x0000000087100000, 0x0000000087200000, 0x0000000087200000|100%| E|CS|TAMS 0x0000000087100000, 0x0000000087100000| Complete 
| 114|0x0000000087200000, 0x0000000087300000, 0x0000000087300000|100%| E|CS|TAMS 0x0000000087200000, 0x0000000087200000| Complete 
| 115|0x0000000087300000, 0x0000000087400000, 0x0000000087400000|100%| E|CS|TAMS 0x0000000087300000, 0x0000000087300000| Complete 
| 116|0x0000000087400000, 0x0000000087500000, 0x0000000087500000|100%| E|  |TAMS 0x0000000087400000, 0x0000000087400000| Complete 
| 117|0x0000000087500000, 0x0000000087600000, 0x0000000087600000|100%| E|CS|TAMS 0x0000000087500000, 0x0000000087500000| Complete 
| 118|0x0000000087600000, 0x0000000087700000, 0x0000000087700000|100%| E|CS|TAMS 0x0000000087600000, 0x0000000087600000| Complete 
| 119|0x0000000087700000, 0x0000000087800000, 0x0000000087800000|100%| E|CS|TAMS 0x0000000087700000, 0x0000000087700000| Complete 
| 120|0x0000000087800000, 0x0000000087900000, 0x0000000087900000|100%| E|CS|TAMS 0x0000000087800000, 0x0000000087800000| Complete 
| 121|0x0000000087900000, 0x0000000087a00000, 0x0000000087a00000|100%| E|CS|TAMS 0x0000000087900000, 0x0000000087900000| Complete 
| 122|0x0000000087a00000, 0x0000000087b00000, 0x0000000087b00000|100%| E|CS|TAMS 0x0000000087a00000, 0x0000000087a00000| Complete 
| 123|0x0000000087b00000, 0x0000000087c00000, 0x0000000087c00000|100%| E|CS|TAMS 0x0000000087b00000, 0x0000000087b00000| Complete 
| 124|0x0000000087c00000, 0x0000000087d00000, 0x0000000087d00000|100%| E|CS|TAMS 0x0000000087c00000, 0x0000000087c00000| Complete 
| 125|0x0000000087d00000, 0x0000000087e00000, 0x0000000087e00000|100%| E|CS|TAMS 0x0000000087d00000, 0x0000000087d00000| Complete 
| 126|0x0000000087e00000, 0x0000000087f00000, 0x0000000087f00000|100%| E|CS|TAMS 0x0000000087e00000, 0x0000000087e00000| Complete 
| 127|0x0000000087f00000, 0x0000000088000000, 0x0000000088000000|100%| E|CS|TAMS 0x0000000087f00000, 0x0000000087f00000| Complete 

Card table byte_map: [0x00000274a0e40000,0x00000274a1240000] _byte_map_base: 0x00000274a0a40000

Marking Bits (Prev, Next): (CMBitMap*) 0x000002748dc2de98, (CMBitMap*) 0x000002748dc2ded0
 Prev Bits: [0x00000274a1640000, 0x00000274a3640000)
 Next Bits: [0x00000274a3640000, 0x00000274a5640000)

Polling page: 0x000002748d3d0000

Metaspace:

Usage:
  Non-class:     14.88 MB capacity,    14.65 MB ( 99%) used,   200.50 KB (  1%) free+waste,    27.25 KB ( <1%) overhead. 
      Class:      2.02 MB capacity,     1.88 MB ( 93%) used,   125.82 KB (  6%) free+waste,    13.19 KB ( <1%) overhead. 
       Both:     16.90 MB capacity,    16.54 MB ( 98%) used,   326.32 KB (  2%) free+waste,    40.44 KB ( <1%) overhead. 

Virtual space:
  Non-class space:       16.00 MB reserved,      15.00 MB ( 94%) committed 
      Class space:        1.00 GB reserved,       2.13 MB ( <1%) committed 
             Both:        1.02 GB reserved,      17.13 MB (  2%) committed 

Chunk freelists:
   Non-Class:  0 bytes
       Class:  11.00 KB
        Both:  11.00 KB

MaxMetaspaceSize: 17179869184.00 GB
CompressedClassSpaceSize: 1.00 GB
Initial GC threshold: 20.80 MB
Current GC threshold: 20.80 MB
CDS: off

CodeHeap 'non-profiled nmethods': size=120000Kb used=909Kb max_used=909Kb free=119090Kb
 bounds [0x00000274991e0000, 0x0000027499450000, 0x00000274a0710000]
CodeHeap 'profiled nmethods': size=120000Kb used=3481Kb max_used=3481Kb free=116518Kb
 bounds [0x0000027491cb0000, 0x0000027492020000, 0x00000274991e0000]
CodeHeap 'non-nmethods': size=5760Kb used=1188Kb max_used=1204Kb free=4572Kb
 bounds [0x0000027491710000, 0x0000027491980000, 0x0000027491cb0000]
 total_blobs=2135 nmethods=1676 adapters=372
 compilation: enabled
              stopped_count=0, restarted_count=0
 full_count=0

Compilation events (20 events):
Event: 21.181 Thread 0x00000274a809f800 nmethod 1671 0x000002749200ef90 code [0x000002749200f140, 0x000002749200f238]
Event: 21.181 Thread 0x00000274a809f800 1670       3       java.util.HashMap$EntryIterator::next (5 bytes)
Event: 21.181 Thread 0x00000274a809f800 nmethod 1670 0x000002749200f310 code [0x000002749200f4c0, 0x000002749200f5e8]
Event: 21.185 Thread 0x00000274a809f800 1673       3       java.lang.invoke.DirectMethodHandle$Holder::invokeStatic (14 bytes)
Event: 21.185 Thread 0x00000274a809f800 nmethod 1673 0x000002749200f690 code [0x000002749200f860, 0x000002749200fd58]
Event: 21.185 Thread 0x00000274a809f800 1675       3       java.lang.ProcessEnvironment$NameComparator::compare (90 bytes)
Event: 21.187 Thread 0x00000274a809f800 nmethod 1675 0x000002749200fe90 code [0x00000274920101c0, 0x00000274920113b8]
Event: 21.187 Thread 0x00000274a809f800 1674       3       java.lang.ProcessEnvironment$NameComparator::compare (13 bytes)
Event: 21.188 Thread 0x00000274a809f800 nmethod 1674 0x0000027492011c10 code [0x0000027492011de0, 0x00000274920120e8]
Event: 21.188 Thread 0x00000274a809f800 1679       3       java.lang.Module::isReflectivelyExportedOrOpen (182 bytes)
Event: 21.191 Thread 0x00000274a809f800 nmethod 1679 0x0000027492012210 code [0x00000274920126c0, 0x0000027492014e38]
Event: 21.191 Thread 0x00000274a809f800 1677       3       java.lang.reflect.AccessibleObject::setAccessible0 (7 bytes)
Event: 21.191 Thread 0x00000274a809f800 nmethod 1677 0x0000027492015990 code [0x0000027492015b40, 0x0000027492015c58]
Event: 21.191 Thread 0x00000274a809f800 1676       3       java.lang.Module::allows (60 bytes)
Event: 21.192 Thread 0x00000274a809f800 nmethod 1676 0x0000027492015d10 code [0x0000027492015f20, 0x0000027492016508]
Event: 21.192 Thread 0x00000274a809f800 1678       1       java.lang.reflect.Field::getName (5 bytes)
Event: 21.192 Thread 0x00000274a809f800 nmethod 1678 0x00000274992c1110 code [0x00000274992c12c0, 0x00000274992c1378]
Event: 21.231 Thread 0x00000274a8a10000 nmethod 1666 0x00000274992c1410 code [0x00000274992c1600, 0x00000274992c2b88]
Event: 21.231 Thread 0x00000274a8a10000 1672       4       java.util.HashMap$HashIterator::hasNext (13 bytes)
Event: 21.232 Thread 0x00000274a8a10000 nmethod 1672 0x00000274992c3310 code [0x00000274992c34a0, 0x00000274992c3518]

GC Heap History (4 events):
Event: 10.654 GC heap before
{Heap before GC invocations=0 (full 0):
 garbage-first heap   total 131072K, used 29696K [0x0000000080000000, 0x0000000100000000)
  region size 1024K, 24 young (24576K), 0 survivors (0K)
 Metaspace       used 10082K, capacity 10269K, committed 10368K, reserved 1058816K
  class space    used 1038K, capacity 1108K, committed 1152K, reserved 1048576K
}
Event: 10.662 GC heap after
{Heap after GC invocations=1 (full 0):
 garbage-first heap   total 131072K, used 9550K [0x0000000080000000, 0x0000000100000000)
  region size 1024K, 3 young (3072K), 3 survivors (3072K)
 Metaspace       used 10082K, capacity 10269K, committed 10368K, reserved 1058816K
  class space    used 1038K, capacity 1108K, committed 1152K, reserved 1048576K
}
Event: 11.323 GC heap before
{Heap before GC invocations=1 (full 0):
 garbage-first heap   total 131072K, used 31054K [0x0000000080000000, 0x0000000100000000)
  region size 1024K, 24 young (24576K), 3 survivors (3072K)
 Metaspace       used 11188K, capacity 11386K, committed 11520K, reserved 1058816K
  class space    used 1153K, capacity 1246K, committed 1280K, reserved 1048576K
}
Event: 11.328 GC heap after
{Heap after GC invocations=2 (full 0):
 garbage-first heap   total 131072K, used 9878K [0x0000000080000000, 0x0000000100000000)
  region size 1024K, 1 young (1024K), 1 survivors (1024K)
 Metaspace       used 11188K, capacity 11386K, committed 11520K, reserved 1058816K
  class space    used 1153K, capacity 1246K, committed 1280K, reserved 1048576K
}

Deoptimization events (20 events):
Event: 20.235 Thread 0x000002748dbee000 Uncommon trap: trap_request=0xffffff4d fr.pc=0x000002749923c8e0 relative=0x0000000000001aa0
Event: 20.235 Thread 0x000002748dbee000 Uncommon trap: reason=unstable_if action=reinterpret pc=0x000002749923c8e0 method=java.io.WinNTFileSystem.normalize(Ljava/lang/String;)Ljava/lang/String; @ 128 c2
Event: 20.235 Thread 0x000002748dbee000 DEOPT PACKING pc=0x000002749923c8e0 sp=0x000000ac592fbc50
Event: 20.235 Thread 0x000002748dbee000 DEOPT UNPACKING pc=0x000002749175a1af sp=0x000000ac592fbc38 mode 2
Event: 20.992 Thread 0x000002748dbee000 Uncommon trap: trap_request=0xffffffc6 fr.pc=0x000002749925d3a4 relative=0x0000000000000084
Event: 20.992 Thread 0x000002748dbee000 Uncommon trap: reason=bimorphic_or_optimized_type_check action=maybe_recompile pc=0x000002749925d3a4 method=java.util.AbstractList$Itr.hasNext()Z @ 8 c2
Event: 20.992 Thread 0x000002748dbee000 DEOPT PACKING pc=0x000002749925d3a4 sp=0x000000ac592fd790
Event: 20.992 Thread 0x000002748dbee000 DEOPT UNPACKING pc=0x000002749175a1af sp=0x000000ac592fd728 mode 2
Event: 20.992 Thread 0x000002748dbee000 Uncommon trap: trap_request=0xffffffc6 fr.pc=0x000002749925ced4 relative=0x0000000000000114
Event: 20.992 Thread 0x000002748dbee000 Uncommon trap: reason=bimorphic_or_optimized_type_check action=maybe_recompile pc=0x000002749925ced4 method=java.util.AbstractList$Itr.next()Ljava/lang/Object; @ 14 c2
Event: 20.992 Thread 0x000002748dbee000 DEOPT PACKING pc=0x000002749925ced4 sp=0x000000ac592fd780
Event: 20.992 Thread 0x000002748dbee000 DEOPT UNPACKING pc=0x000002749175a1af sp=0x000000ac592fd718 mode 2
Event: 21.087 Thread 0x00000274a9a63800 Uncommon trap: trap_request=0xffffffc6 fr.pc=0x000002749925d3a4 relative=0x0000000000000084
Event: 21.088 Thread 0x00000274a9a63800 Uncommon trap: reason=bimorphic_or_optimized_type_check action=maybe_recompile pc=0x000002749925d3a4 method=java.util.AbstractList$Itr.hasNext()Z @ 8 c2
Event: 21.088 Thread 0x00000274a9a63800 DEOPT PACKING pc=0x000002749925d3a4 sp=0x000000ac5a3fe3d0
Event: 21.088 Thread 0x00000274a9a63800 DEOPT UNPACKING pc=0x000002749175a1af sp=0x000000ac5a3fe368 mode 2
Event: 21.088 Thread 0x00000274a9a63800 Uncommon trap: trap_request=0xffffffc6 fr.pc=0x000002749925ced4 relative=0x0000000000000114
Event: 21.088 Thread 0x00000274a9a63800 Uncommon trap: reason=bimorphic_or_optimized_type_check action=maybe_recompile pc=0x000002749925ced4 method=java.util.AbstractList$Itr.next()Ljava/lang/Object; @ 14 c2
Event: 21.088 Thread 0x00000274a9a63800 DEOPT PACKING pc=0x000002749925ced4 sp=0x000000ac5a3fe3c0
Event: 21.088 Thread 0x00000274a9a63800 DEOPT UNPACKING pc=0x000002749175a1af sp=0x000000ac5a3fe358 mode 2

Classes redefined (0 events):
No events

Internal exceptions (13 events):
Event: 9.627 Thread 0x000002748dbee000 Exception <a 'java/lang/NoSuchMethodError'{0x0000000087d26ef0}: 'int java.lang.invoke.DirectMethodHandle$Holder.invokeStaticInit(java.lang.Object, java.lang.Object)'> (0x0000000087d26ef0) thrown at [./src/hotspot/share/interpreter/linkResolver.cpp, line 773]
Event: 9.705 Thread 0x000002748dbee000 Exception <a 'java/lang/NoSuchMethodError'{0x0000000087df1738}: 'int java.lang.invoke.DirectMethodHandle$Holder.invokeSpecial(java.lang.Object, java.lang.Object, java.lang.Object, java.lang.Object)'> (0x0000000087df1738) thrown at [./src/hotspot/share/interpreter/linkResolver.cpp, line 773]
Event: 9.718 Thread 0x000002748dbee000 Exception <a 'java/lang/NoSuchMethodError'{0x0000000087c2a080}: 'int java.lang.invoke.DirectMethodHandle$Holder.invokeSpecialIFC(java.lang.Object, java.lang.Object, int)'> (0x0000000087c2a080) thrown at [./src/hotspot/share/interpreter/linkResolver.cpp, line 773]
Event: 10.201 Thread 0x000002748dbee000 Exception <a 'java/lang/NoClassDefFoundError'{0x00000000871d8938}: org/slf4j/impl/StaticMarkerBinder> (0x00000000871d8938) thrown at [./src/hotspot/share/classfile/systemDictionary.cpp, line 220]
Event: 10.345 Thread 0x000002748dbee000 Exception <a 'java/lang/NoSuchMethodError'{0x0000000086d42ee0}: 'java.lang.Object java.lang.invoke.DirectMethodHandle$Holder.invokeVirtual(java.lang.Object, java.lang.Object, java.lang.Object, java.lang.Object, java.lang.Object, java.lang.Object, java.lang.Object)'> (0x0000000086d42ee0) thrown at [./src/hotspot/share/interpreter/linkResolver.cpp, line 773]
Event: 10.350 Thread 0x000002748dbee000 Exception <a 'java/lang/NoSuchMethodError'{0x0000000086d572f0}: 'java.lang.Object java.lang.invoke.Invokers$Holder.invoker(java.lang.Object, java.lang.Object, java.lang.Object)'> (0x0000000086d572f0) thrown at [./src/hotspot/share/interpreter/linkResolver.cpp, line 773]
Event: 10.356 Thread 0x000002748dbee000 Exception <a 'java/lang/NoSuchMethodError'{0x0000000086d68368}: 'void java.lang.invoke.DelegatingMethodHandle$Holder.delegate(java.lang.Object, java.lang.Object, int, java.lang.Object)'> (0x0000000086d68368) thrown at [./src/hotspot/share/interpreter/linkResolver.cpp, line 773]
Event: 11.565 Thread 0x000002748dbee000 Exception <a 'java/security/PrivilegedActionException'{0x0000000087071f48}> (0x0000000087071f48) thrown at [./src/hotspot/share/prims/jvm.cpp, line 1306]
Event: 11.565 Thread 0x000002748dbee000 Exception <a 'java/security/PrivilegedActionException'{0x00000000870724c0}> (0x00000000870724c0) thrown at [./src/hotspot/share/prims/jvm.cpp, line 1306]
Event: 19.421 Thread 0x000002748dbee000 Exception <a 'java/lang/NoSuchMethodError'{0x0000000085d1fa80}: 'java.lang.Object java.lang.invoke.DirectMethodHandle$Holder.invokeStaticInit(java.lang.Object, java.lang.Object, java.lang.Object)'> (0x0000000085d1fa80) thrown at [./src/hotspot/share/interpreter/linkResolver.cpp, line 773]
Event: 19.728 Thread 0x000002748dbee000 Exception <a 'java/lang/NoSuchMethodError'{0x00000000857a2508}: 'java.lang.Object java.lang.invoke.DirectMethodHandle$Holder.invokeStaticInit(java.lang.Object, int, int, int, int)'> (0x00000000857a2508) thrown at [./src/hotspot/share/interpreter/linkResolver.cpp, line 773]
Event: 20.243 Thread 0x000002748dbee000 Exception <a 'java/lang/NoSuchMethodError'{0x00000000857d9868}: 'java.lang.Object java.lang.invoke.DirectMethodHandle$Holder.invokeStaticInit(java.lang.Object, java.lang.Object, int, int, int, int)'> (0x00000000857d9868) thrown at [./src/hotspot/share/interpreter/linkResolver.cpp, line 773]
Event: 21.053 Thread 0x000002748dbee000 Exception <a 'java/io/IOException'{0x00000000855b61b8}> (0x00000000855b61b8) thrown at [./src/hotspot/share/prims/jni.cpp, line 616]

Events (20 events):
Event: 21.189 loading class org/gradle/launcher/daemon/server/exec/LogToClient$AsynchronousLogDispatcher
Event: 21.189 loading class org/gradle/launcher/daemon/server/exec/LogToClient$AsynchronousLogDispatcher done
Event: 21.190 Executing VM operation: RevokeBias
Event: 21.190 Executing VM operation: RevokeBias done
Event: 21.191 loading class java/util/concurrent/CountDownLatch
Event: 21.191 loading class java/util/concurrent/CountDownLatch done
Event: 21.191 loading class java/util/concurrent/CountDownLatch$Sync
Event: 21.191 loading class java/util/concurrent/CountDownLatch$Sync done
Event: 21.191 loading class org/gradle/launcher/daemon/server/exec/LogToClient$AsynchronousLogDispatcher$1
Event: 21.191 loading class org/gradle/launcher/daemon/server/exec/LogToClient$AsynchronousLogDispatcher$1 done
Event: 21.192 Thread 0x00000274a8f12800 Thread added: 0x00000274a8f12800
Event: 21.193 loading class org/gradle/internal/util/NumberUtil
Event: 21.193 loading class org/gradle/internal/util/NumberUtil done
Event: 21.193 loading class java/math/MathContext
Event: 21.193 loading class java/math/MathContext done
Event: 21.194 loading class java/math/BigDecimal
Event: 21.195 loading class java/math/BigDecimal done
Event: 21.196 loading class java/math/BigDecimal$1
Event: 21.196 loading class java/math/BigDecimal$1 done
Event: 21.197 loading class java/io/PipedOutputStream


Dynamic libraries:
0x00007ff75fe60000 - 0x00007ff75fe6a000 	C:\Program Files\Android\Android Studio\jre\bin\java.exe
0x00007ffab69b0000 - 0x00007ffab6ba8000 	C:\WINDOWS\SYSTEM32\ntdll.dll
0x00007ffab5ff0000 - 0x00007ffab60af000 	C:\WINDOWS\System32\KERNEL32.DLL
0x00007ffab44d0000 - 0x00007ffab47a2000 	C:\WINDOWS\System32\KERNELBASE.dll
0x00007ffab47e0000 - 0x00007ffab48e0000 	C:\WINDOWS\System32\ucrtbase.dll
0x00007ffaaecb0000 - 0x00007ffaaecc9000 	C:\Program Files\Android\Android Studio\jre\bin\jli.dll
0x00007ffab5dc0000 - 0x00007ffab5f5d000 	C:\WINDOWS\System32\USER32.dll
0x00007ffab49d0000 - 0x00007ffab49f2000 	C:\WINDOWS\System32\win32u.dll
0x00007ffaa0960000 - 0x00007ffaa0bfa000 	C:\WINDOWS\WinSxS\amd64_microsoft.windows.common-controls_6595b64144ccf1df_6.0.19041.1110_none_60b5254171f9507e\COMCTL32.dll
0x00007ffab5c00000 - 0x00007ffab5c2b000 	C:\WINDOWS\System32\GDI32.dll
0x00007ffab6460000 - 0x00007ffab64fe000 	C:\WINDOWS\System32\msvcrt.dll
0x00007ffab40b0000 - 0x00007ffab41bf000 	C:\WINDOWS\System32\gdi32full.dll
0x00007ffab4930000 - 0x00007ffab49cd000 	C:\WINDOWS\System32\msvcp_win.dll
0x00007ffaad190000 - 0x00007ffaad1a7000 	C:\Program Files\Android\Android Studio\jre\bin\VCRUNTIME140.dll
0x00007ffab4aa0000 - 0x00007ffab4ad2000 	C:\WINDOWS\System32\IMM32.DLL
0x00007ffa8ee20000 - 0x00007ffa8eebd000 	C:\Program Files\Android\Android Studio\jre\bin\msvcp140.dll
0x00007ffa73120000 - 0x00007ffa73c22000 	C:\Program Files\Android\Android Studio\jre\bin\server\jvm.dll
0x00007ffab5320000 - 0x00007ffab53ce000 	C:\WINDOWS\System32\ADVAPI32.dll
0x00007ffab4a00000 - 0x00007ffab4a9c000 	C:\WINDOWS\System32\sechost.dll
0x00007ffab6330000 - 0x00007ffab6455000 	C:\WINDOWS\System32\RPCRT4.dll
0x00007ffab5fe0000 - 0x00007ffab5fe8000 	C:\WINDOWS\System32\PSAPI.DLL
0x00007ffab0400000 - 0x00007ffab0409000 	C:\WINDOWS\SYSTEM32\WSOCK32.dll
0x00007ffaad8e0000 - 0x00007ffaad8ea000 	C:\WINDOWS\SYSTEM32\VERSION.dll
0x00007ffa99390000 - 0x00007ffa993b7000 	C:\WINDOWS\SYSTEM32\WINMM.dll
0x00007ffab6110000 - 0x00007ffab617b000 	C:\WINDOWS\System32\WS2_32.dll
0x00007ffab1e90000 - 0x00007ffab1ea2000 	C:\WINDOWS\SYSTEM32\kernel.appcore.dll
0x00007ffaaf2a0000 - 0x00007ffaaf2b1000 	C:\Program Files\Android\Android Studio\jre\bin\verify.dll
0x00007ffaa0f80000 - 0x00007ffaa1164000 	C:\WINDOWS\SYSTEM32\DBGHELP.DLL
0x00007ffaa0f50000 - 0x00007ffaa0f7c000 	C:\WINDOWS\SYSTEM32\dbgcore.DLL
0x00007ffab41c0000 - 0x00007ffab4242000 	C:\WINDOWS\System32\bcryptPrimitives.dll
0x00007ffaacb60000 - 0x00007ffaacb89000 	C:\Program Files\Android\Android Studio\jre\bin\java.dll
0x00007ffab0440000 - 0x00007ffab044b000 	C:\Program Files\Android\Android Studio\jre\bin\jimage.dll
0x00007ffaaceb0000 - 0x00007ffaacec8000 	C:\Program Files\Android\Android Studio\jre\bin\zip.dll
0x00007ffab54b0000 - 0x00007ffab5bf3000 	C:\WINDOWS\System32\SHELL32.dll
0x00007ffab2170000 - 0x00007ffab2902000 	C:\WINDOWS\SYSTEM32\windows.storage.dll
0x00007ffab6590000 - 0x00007ffab68e4000 	C:\WINDOWS\System32\combase.dll
0x00007ffab3b10000 - 0x00007ffab3b40000 	C:\WINDOWS\SYSTEM32\Wldp.dll
0x00007ffab5270000 - 0x00007ffab531d000 	C:\WINDOWS\System32\SHCORE.dll
0x00007ffab60b0000 - 0x00007ffab6105000 	C:\WINDOWS\System32\shlwapi.dll
0x00007ffab3ff0000 - 0x00007ffab400f000 	C:\WINDOWS\SYSTEM32\profapi.dll
0x00007ffaacb40000 - 0x00007ffaacb5a000 	C:\Program Files\Android\Android Studio\jre\bin\net.dll
0x00007ffaa6260000 - 0x00007ffaa636c000 	C:\WINDOWS\SYSTEM32\WINHTTP.dll
0x00007ffab3870000 - 0x00007ffab38da000 	C:\WINDOWS\system32\mswsock.dll
0x00007ffaacb20000 - 0x00007ffaacb34000 	C:\Program Files\Android\Android Studio\jre\bin\nio.dll
0x00007ffaa7790000 - 0x00007ffaa77b7000 	C:\Users\sarab\.gradle\native\e1d6ef7f7dcc3fd88c89a11ec53ec762bb8ba0a96d01ffa2cd45eb1d1d8dd5c5\windows-amd64\native-platform.dll
0x00007ffa81c50000 - 0x00007ffa81d94000 	C:\Users\sarab\.gradle\native\0d407fdbe67a94daf76414ababcb853783967236a71b16ec16e742cd7a986fd3\windows-amd64\native-platform-file-events.dll
0x00007ffaaf290000 - 0x00007ffaaf29a000 	C:\Program Files\Android\Android Studio\jre\bin\management.dll
0x00007ffaaf250000 - 0x00007ffaaf25d000 	C:\Program Files\Android\Android Studio\jre\bin\management_ext.dll
0x00007ffab3a70000 - 0x00007ffab3a88000 	C:\WINDOWS\SYSTEM32\CRYPTSP.dll
0x00007ffab3120000 - 0x00007ffab3154000 	C:\WINDOWS\system32\rsaenh.dll
0x00007ffab47b0000 - 0x00007ffab47d7000 	C:\WINDOWS\System32\bcrypt.dll
0x00007ffab3fb0000 - 0x00007ffab3fde000 	C:\WINDOWS\SYSTEM32\USERENV.dll
0x00007ffab3a60000 - 0x00007ffab3a6c000 	C:\WINDOWS\SYSTEM32\CRYPTBASE.dll
0x00007ffab3510000 - 0x00007ffab354b000 	C:\WINDOWS\SYSTEM32\IPHLPAPI.DLL
0x00007ffab54a0000 - 0x00007ffab54a8000 	C:\WINDOWS\System32\NSI.dll
0x00007ffaac680000 - 0x00007ffaac697000 	C:\WINDOWS\SYSTEM32\dhcpcsvc6.DLL
0x00007ffaacb00000 - 0x00007ffaacb1d000 	C:\WINDOWS\SYSTEM32\dhcpcsvc.DLL
0x00007ffab35b0000 - 0x00007ffab367a000 	C:\WINDOWS\SYSTEM32\DNSAPI.dll

dbghelp: loaded successfully - version: 4.0.5 - missing functions: none
symbol engine: initialized successfully - sym options: 0x614 - pdb path: .;C:\Program Files\Android\Android Studio\jre\bin;C:\WINDOWS\SYSTEM32;C:\WINDOWS\WinSxS\amd64_microsoft.windows.common-controls_6595b64144ccf1df_6.0.19041.1110_none_60b5254171f9507e;C:\Program Files\Android\Android Studio\jre\bin\server;C:\Users\sarab\.gradle\native\e1d6ef7f7dcc3fd88c89a11ec53ec762bb8ba0a96d01ffa2cd45eb1d1d8dd5c5\windows-amd64;C:\Users\sarab\.gradle\native\0d407fdbe67a94daf76414ababcb853783967236a71b16ec16e742cd7a986fd3\windows-amd64

VM Arguments:
jvm_args: --add-opens=java.base/java.util=ALL-UNNAMED --add-opens=java.base/java.lang=ALL-UNNAMED --add-opens=java.base/java.lang.invoke=ALL-UNNAMED --add-opens=java.base/java.util=ALL-UNNAMED --add-opens=java.prefs/java.util.prefs=ALL-UNNAMED --add-opens=java.prefs/java.util.prefs=ALL-UNNAMED --add-opens=java.base/java.nio.charset=ALL-UNNAMED --add-opens=java.base/java.net=ALL-UNNAMED --add-opens=java.base/java.util.concurrent.atomic=ALL-UNNAMED -Xmx2048m -Dfile.encoding=UTF-8 -Duser.country=IN -Duser.language=en -Duser.variant 
java_command: org.gradle.launcher.daemon.bootstrap.GradleDaemon 7.4
java_class_path (initial): C:\Users\sarab\.gradle\wrapper\dists\gradle-7.4-bin\c0gwcg53nkjbqw7r0h0umtfvt\gradle-7.4\lib\gradle-launcher-7.4.jar
Launcher Type: SUN_STANDARD

[Global flags]
     intx CICompilerCount                          = 4                                         {product} {ergonomic}
     uint ConcGCThreads                            = 2                                         {product} {ergonomic}
     uint G1ConcRefinementThreads                  = 8                                         {product} {ergonomic}
   size_t G1HeapRegionSize                         = 1048576                                   {product} {ergonomic}
    uintx GCDrainStackTargetSize                   = 64                                        {product} {ergonomic}
   size_t InitialHeapSize                          = 134217728                                 {product} {ergonomic}
   size_t MarkStackSize                            = 4194304                                   {product} {ergonomic}
   size_t MaxHeapSize                              = 2147483648                                {product} {command line}
   size_t MaxNewSize                               = 1287651328                                {product} {ergonomic}
   size_t MinHeapDeltaBytes                        = 1048576                                   {product} {ergonomic}
    uintx NonNMethodCodeHeapSize                   = 5836300                                {pd product} {ergonomic}
    uintx NonProfiledCodeHeapSize                  = 122910970                              {pd product} {ergonomic}
    uintx ProfiledCodeHeapSize                     = 122910970                              {pd product} {ergonomic}
    uintx ReservedCodeCacheSize                    = 251658240                              {pd product} {ergonomic}
     bool SegmentedCodeCache                       = true                                      {product} {ergonomic}
     bool UseCompressedClassPointers               = true                                 {lp64_product} {ergonomic}
     bool UseCompressedOops                        = true                                 {lp64_product} {ergonomic}
     bool UseG1GC                                  = true                                      {product} {ergonomic}
     bool UseLargePagesIndividualAllocation        = false                                  {pd product} {ergonomic}

Logging:
Log output configuration:
 #0: stdout all=warning uptime,level,tags
 #1: stderr all=off uptime,level,tags

Environment Variables:
JAVA_HOME=C:\java
PATH=C:\Python\Scripts\;C:\Python\;C:\ProgramData\Miniconda3;C:\ProgramData\Miniconda3\Library\mingw-w64\bin;C:\ProgramData\Miniconda3\Library\usr\bin;C:\ProgramData\Miniconda3\Library\bin;C:\ProgramData\Miniconda3\Scripts;C:\java\bin;C:\Program Files (x86)\Common Files\Oracle\Java\javapath;C:\WINDOWS\system32;C:\WINDOWS;C:\WINDOWS\System32\Wbem;C:\WINDOWS\System32\WindowsPowerShell\v1.0\;C:\WINDOWS\System32\OpenSSH\;C:\Program Files\Liquid Technologies\Liquid Studio 2020\XmlDataBinder18\Redist18\cpp\win32\bin;C:\Program Files\Liquid Technologies\Liquid Studio 2020\XmlDataBinder18\Redist18\cpp\win64\bin;C:\Program Files\dotnet\;C:\Program Files\Microsoft SQL Server\130\Tools\Binn\;C:\Program Files\Microsoft SQL Server\Client SDK\ODBC\170\Tools\Binn\;C:\Program Files\Git\cmd;C:\Users\sarab\AppData\Local\Microsoft\WindowsApps;G:\JetBrains\IntelliJUE\bin;C:\adb;C:\MinGW\bin\;;C:\WINDOWS\system32;C:\WINDOWS;C:\WINDOWS\System32\Wbem;C:\WINDOWS\System32\WindowsPowerShell\v1.0\;C:\WINDOWS\System32\OpenSSH\;C:\Users\sarab\AppData\Local\Microsoft\WindowsApps;;G:\JetBrains\IntelliJUE\bin;
USERNAME=IMSarabjeetSingh
OS=Windows_NT
PROCESSOR_IDENTIFIER=Intel64 Family 6 Model 142 Stepping 10, GenuineIntel



---------------  S Y S T E M  ---------------

OS: Windows 10 , 64 bit Build 19041 (10.0.19041.2251)
OS uptime: 5 days 3:37 hours

CPU:total 8 (initial active 8) (4 cores per cpu, 2 threads per core) family 6 model 142 stepping 10 microcode 0xea, cmov, cx8, fxsr, mmx, sse, sse2, sse3, ssse3, sse4.1, sse4.2, popcnt, avx, avx2, aes, clmul, erms, 3dnowpref, lzcnt, ht, tsc, tscinvbit, bmi1, bmi2, adx, fma

Memory: 4k page, system-wide physical 8101M (2497M free)
TotalPageFile size 10533M (AvailPageFile size 4031M)
current process WorkingSet (physical memory assigned to process): 129M, peak: 141M
current process commit charge ("private bytes"): 238M, peak: 265M

vm_info: OpenJDK 64-Bit Server VM (11.0.13+0-b1751.21-8125866) for windows-amd64 JRE (11.0.13+0-b1751.21-8125866), built on Feb  2 2022 03:00:22 by "builder" with MS VC++ 14.0 (VS2015)

END.
